<?xml version="1.0" encoding="UTF-8"?>
<!-- Generated by org.testng.reporters.JUnitReportReporter -->
<testsuite hostname="DESKTOP-05SPE4V" failures="0" tests="1" name="testClasses.NexaNewTest" time="67.781" errors="0" timestamp="2023-08-03T20:32:16 IST" skipped="0">
  <testcase classname="testClasses.NexaNewTest" name="nexa" time="67.781"/>
  <system-out>
    <![CDATA[Opening nexa]]>
  </system-out>
</testsuite> <!-- testClasses.NexaNewTest -->
