<?xml version="1.0" encoding="UTF-8"?>
<!-- Generated by org.testng.reporters.JUnitReportReporter -->
<testsuite hostname="DESKTOP-05SPE4V" failures="0" tests="1" name="testClasses.snapdeel" time="22.997" errors="0" timestamp="2023-08-03T20:32:16 IST" skipped="0">
  <testcase classname="testClasses.snapdeel" name="snapdeel" time="22.997"/>
  <system-out/>
</testsuite> <!-- testClasses.snapdeel -->
