<?xml version="1.0" encoding="UTF-8"?>
<!-- Generated by org.testng.reporters.JUnitReportReporter -->
<testsuite hostname="DESKTOP-05SPE4V" failures="0" tests="1" name="testClasses.Amazon" time="25.952" errors="0" timestamp="2023-08-03T20:32:16 IST" skipped="0">
  <testcase classname="testClasses.Amazon" name="amazonTesting" time="25.952"/>
  <system-out>
    <![CDATA[Opening Amazon]]>
  </system-out>
</testsuite> <!-- testClasses.Amazon -->
