<?xml version="1.0" encoding="UTF-8"?>
<!-- Generated by org.testng.reporters.JUnitReportReporter -->
<testsuite hostname="DESKTOP-05SPE4V" failures="0" tests="1" name="testClasses.Ajio" time="26.269" errors="0" timestamp="2023-08-03T20:32:16 IST" skipped="0">
  <testcase classname="testClasses.Ajio" name="ajioTesting" time="26.269"/>
  <system-out>
    <![CDATA[Opening Ajio]]>
  </system-out>
</testsuite> <!-- testClasses.Ajio -->
