<?xml version="1.0" encoding="UTF-8"?>
<!-- Generated by org.testng.reporters.JUnitReportReporter -->
<testsuite hostname="NAMITA" failures="0" tests="1" name="testClasses.Ajio" time="53.423" errors="0" timestamp="2023-08-03T08:22:33 IST" skipped="0">
  <testcase classname="testClasses.Ajio" name="ajioTesting" time="53.423"/>
  <system-out>
    <![CDATA[Opening Ajio]]>
  </system-out>
</testsuite> <!-- testClasses.Ajio -->
