<?xml version="1.0" encoding="UTF-8"?>
<!-- Generated by org.testng.reporters.JUnitReportReporter -->
<testsuite hostname="NAMITA" failures="0" tests="1" name="testClasses.Flipkart" time="17.084" errors="0" timestamp="2023-08-03T08:22:33 IST" skipped="0">
  <testcase classname="testClasses.Flipkart" name="flipkartTesting" time="17.084"/>
  <system-out>
    <![CDATA[Opening Flipkart]]>
  </system-out>
</testsuite> <!-- testClasses.Flipkart -->
