<?xml version="1.0" encoding="UTF-8"?>
<!-- Generated by org.testng.reporters.JUnitReportReporter -->
<testsuite hostname="Production" failures="0" tests="1" name="testClasses.Flipkart" time="6.892" errors="0" timestamp="2023-07-27T16:58:35 IST" skipped="0">
  <testcase classname="testClasses.Flipkart" name="flipkartTesting" time="6.892"/>
  <system-out>
    <![CDATA[Opening Flipkart]]>
  </system-out>
</testsuite> <!-- testClasses.Flipkart -->
