<?xml version="1.0" encoding="UTF-8"?>
<!-- Generated by org.testng.reporters.JUnitReportReporter -->
<testsuite hostname="NAMITA" failures="0" tests="1" name="testClasses.Amazon" time="11.668" errors="0" timestamp="2023-08-03T08:22:33 IST" skipped="0">
  <testcase classname="testClasses.Amazon" name="amazonTesting" time="11.668"/>
  <system-out>
    <![CDATA[Opening Amazon]]>
  </system-out>
</testsuite> <!-- testClasses.Amazon -->
