<?xml version="1.0" encoding="UTF-8"?>
<!-- Generated by org.testng.reporters.JUnitReportReporter -->
<testsuite hostname="Production" failures="0" tests="1" name="testClasses.Amazon" time="7.972" errors="0" timestamp="2023-07-27T16:58:35 IST" skipped="0">
  <testcase classname="testClasses.Amazon" name="amazonTesting" time="7.972"/>
  <system-out>
    <![CDATA[Opening Amazon]]>
  </system-out>
</testsuite> <!-- testClasses.Amazon -->
