<?xml version="1.0" encoding="UTF-8"?>
<!-- Generated by org.testng.reporters.JUnitReportReporter -->
<testsuite hostname="Production" failures="0" tests="1" name="testClasses.Ajio" time="7.674" errors="0" timestamp="2023-07-27T16:58:35 IST" skipped="0">
  <testcase classname="testClasses.Ajio" name="ajioTesting" time="7.674"/>
  <system-out>
    <![CDATA[Opening Ajio]]>
  </system-out>
</testsuite> <!-- testClasses.Ajio -->
